I, [2019-04-17T04:57:51.497998 #17204]  INFO -- : Refreshing Gem list
/home/appuser/.rvm/gems/ruby-2.6.0/gems/execjs-2.7.0/lib/execjs/runtimes.rb:58:in `autodetect': Could not find a JavaScript runtime. See https://github.com/rails/execjs for a list of available runtimes. (ExecJS::RuntimeUnavailable)
	from /home/appuser/.rvm/gems/ruby-2.6.0/gems/execjs-2.7.0/lib/execjs.rb:5:in `<module:ExecJS>'
	from /home/appuser/.rvm/gems/ruby-2.6.0/gems/execjs-2.7.0/lib/execjs.rb:4:in `<main>'
	from /home/appuser/.rvm/gems/ruby-2.6.0/gems/bootsnap-1.4.3/lib/bootsnap/load_path_cache/core_ext/kernel_require.rb:22:in `require'
	from /home/appuser/.rvm/gems/ruby-2.6.0/gems/bootsnap-1.4.3/lib/bootsnap/load_path_cache/core_ext/kernel_require.rb:22:in `block in require_with_bootsnap_lfi'
	from /home/appuser/.rvm/gems/ruby-2.6.0/gems/bootsnap-1.4.3/lib/bootsnap/load_path_cache/loaded_features_index.rb:92:in `register'
	from /home/appuser/.rvm/gems/ruby-2.6.0/gems/bootsnap-1.4.3/lib/bootsnap/load_path_cache/core_ext/kernel_require.rb:21:in `require_with_bootsnap_lfi'
	from /home/appuser/.rvm/gems/ruby-2.6.0/gems/bootsnap-1.4.3/lib/bootsnap/load_path_cache/core_ext/kernel_require.rb:30:in `require'
	from /home/appuser/.rvm/gems/ruby-2.6.0/gems/activesupport-5.2.3/lib/active_support/dependencies.rb:291:in `block in require'
	from /home/appuser/.rvm/gems/ruby-2.6.0/gems/activesupport-5.2.3/lib/active_support/dependencies.rb:257:in `load_dependency'
	from /home/appuser/.rvm/gems/ruby-2.6.0/gems/activesupport-5.2.3/lib/active_support/dependencies.rb:291:in `require'
	from /home/appuser/.rvm/gems/ruby-2.6.0/gems/uglifier-4.1.20/lib/uglifier.rb:5:in `<main>'
	from /home/appuser/.rvm/gems/ruby-2.6.0/gems/bootsnap-1.4.3/lib/bootsnap/load_path_cache/core_ext/kernel_require.rb:22:in `require'
	from /home/appuser/.rvm/gems/ruby-2.6.0/gems/bootsnap-1.4.3/lib/bootsnap/load_path_cache/core_ext/kernel_require.rb:22:in `block in require_with_bootsnap_lfi'
	from /home/appuser/.rvm/gems/ruby-2.6.0/gems/bootsnap-1.4.3/lib/bootsnap/load_path_cache/loaded_features_index.rb:92:in `register'
	from /home/appuser/.rvm/gems/ruby-2.6.0/gems/bootsnap-1.4.3/lib/bootsnap/load_path_cache/core_ext/kernel_require.rb:21:in `require_with_bootsnap_lfi'
	from /home/appuser/.rvm/gems/ruby-2.6.0/gems/bootsnap-1.4.3/lib/bootsnap/load_path_cache/core_ext/kernel_require.rb:30:in `require'
	from /home/appuser/.rvm/rubies/ruby-2.6.0/lib/ruby/2.6.0/bundler/runtime.rb:81:in `block (2 levels) in require'
	from /home/appuser/.rvm/rubies/ruby-2.6.0/lib/ruby/2.6.0/bundler/runtime.rb:76:in `each'
	from /home/appuser/.rvm/rubies/ruby-2.6.0/lib/ruby/2.6.0/bundler/runtime.rb:76:in `block in require'
	from /home/appuser/.rvm/rubies/ruby-2.6.0/lib/ruby/2.6.0/bundler/runtime.rb:65:in `each'
	from /home/appuser/.rvm/rubies/ruby-2.6.0/lib/ruby/2.6.0/bundler/runtime.rb:65:in `require'
	from /home/appuser/.rvm/rubies/ruby-2.6.0/lib/ruby/2.6.0/bundler.rb:114:in `require'
	from /home/appuser/demo/config/application.rb:7:in `<top (required)>'
	from /home/appuser/demo/config/environment.rb:2:in `require_relative'
	from /home/appuser/demo/config/environment.rb:2:in `<top (required)>'
	from config.ru:4:in `require_relative'
	from config.ru:4:in `block in <main>'
	from /home/appuser/.rvm/gems/ruby-2.6.0/gems/rack-2.0.7/lib/rack/builder.rb:55:in `instance_eval'
	from /home/appuser/.rvm/gems/ruby-2.6.0/gems/rack-2.0.7/lib/rack/builder.rb:55:in `initialize'
	from config.ru:1:in `new'
	from config.ru:1:in `<main>'
	from /home/appuser/.rvm/gems/ruby-2.6.0/gems/unicorn-5.5.0/lib/unicorn.rb:54:in `eval'
	from /home/appuser/.rvm/gems/ruby-2.6.0/gems/unicorn-5.5.0/lib/unicorn.rb:54:in `block in builder'
	from /home/appuser/.rvm/gems/ruby-2.6.0/gems/unicorn-5.5.0/lib/unicorn/http_server.rb:794:in `build_app!'
	from /home/appuser/.rvm/gems/ruby-2.6.0/gems/unicorn-5.5.0/lib/unicorn/http_server.rb:141:in `start'
	from /home/appuser/.rvm/gems/ruby-2.6.0/gems/unicorn-5.5.0/bin/unicorn:128:in `<top (required)>'
	from /home/appuser/.rvm/gems/ruby-2.6.0/bin/unicorn:23:in `load'
	from /home/appuser/.rvm/gems/ruby-2.6.0/bin/unicorn:23:in `<main>'
	from /home/appuser/.rvm/gems/ruby-2.6.0/bin/ruby_executable_hooks:24:in `eval'
	from /home/appuser/.rvm/gems/ruby-2.6.0/bin/ruby_executable_hooks:24:in `<main>'
I, [2019-04-17T05:12:18.546250 #17343]  INFO -- : Refreshing Gem list
/home/appuser/.rvm/gems/ruby-2.6.0/gems/execjs-2.7.0/lib/execjs/runtimes.rb:58:in `autodetect': Could not find a JavaScript runtime. See https://github.com/rails/execjs for a list of available runtimes. (ExecJS::RuntimeUnavailable)
	from /home/appuser/.rvm/gems/ruby-2.6.0/gems/execjs-2.7.0/lib/execjs.rb:5:in `<module:ExecJS>'
	from /home/appuser/.rvm/gems/ruby-2.6.0/gems/execjs-2.7.0/lib/execjs.rb:4:in `<main>'
	from /home/appuser/.rvm/gems/ruby-2.6.0/gems/bootsnap-1.4.3/lib/bootsnap/load_path_cache/core_ext/kernel_require.rb:22:in `require'
	from /home/appuser/.rvm/gems/ruby-2.6.0/gems/bootsnap-1.4.3/lib/bootsnap/load_path_cache/core_ext/kernel_require.rb:22:in `block in require_with_bootsnap_lfi'
	from /home/appuser/.rvm/gems/ruby-2.6.0/gems/bootsnap-1.4.3/lib/bootsnap/load_path_cache/loaded_features_index.rb:92:in `register'
	from /home/appuser/.rvm/gems/ruby-2.6.0/gems/bootsnap-1.4.3/lib/bootsnap/load_path_cache/core_ext/kernel_require.rb:21:in `require_with_bootsnap_lfi'
	from /home/appuser/.rvm/gems/ruby-2.6.0/gems/bootsnap-1.4.3/lib/bootsnap/load_path_cache/core_ext/kernel_require.rb:30:in `require'
	from /home/appuser/.rvm/gems/ruby-2.6.0/gems/activesupport-5.2.3/lib/active_support/dependencies.rb:291:in `block in require'
	from /home/appuser/.rvm/gems/ruby-2.6.0/gems/activesupport-5.2.3/lib/active_support/dependencies.rb:257:in `load_dependency'
	from /home/appuser/.rvm/gems/ruby-2.6.0/gems/activesupport-5.2.3/lib/active_support/dependencies.rb:291:in `require'
	from /home/appuser/.rvm/gems/ruby-2.6.0/gems/uglifier-4.1.20/lib/uglifier.rb:5:in `<main>'
	from /home/appuser/.rvm/gems/ruby-2.6.0/gems/bootsnap-1.4.3/lib/bootsnap/load_path_cache/core_ext/kernel_require.rb:22:in `require'
	from /home/appuser/.rvm/gems/ruby-2.6.0/gems/bootsnap-1.4.3/lib/bootsnap/load_path_cache/core_ext/kernel_require.rb:22:in `block in require_with_bootsnap_lfi'
	from /home/appuser/.rvm/gems/ruby-2.6.0/gems/bootsnap-1.4.3/lib/bootsnap/load_path_cache/loaded_features_index.rb:92:in `register'
	from /home/appuser/.rvm/gems/ruby-2.6.0/gems/bootsnap-1.4.3/lib/bootsnap/load_path_cache/core_ext/kernel_require.rb:21:in `require_with_bootsnap_lfi'
	from /home/appuser/.rvm/gems/ruby-2.6.0/gems/bootsnap-1.4.3/lib/bootsnap/load_path_cache/core_ext/kernel_require.rb:30:in `require'
	from /home/appuser/.rvm/rubies/ruby-2.6.0/lib/ruby/2.6.0/bundler/runtime.rb:81:in `block (2 levels) in require'
	from /home/appuser/.rvm/rubies/ruby-2.6.0/lib/ruby/2.6.0/bundler/runtime.rb:76:in `each'
	from /home/appuser/.rvm/rubies/ruby-2.6.0/lib/ruby/2.6.0/bundler/runtime.rb:76:in `block in require'
	from /home/appuser/.rvm/rubies/ruby-2.6.0/lib/ruby/2.6.0/bundler/runtime.rb:65:in `each'
	from /home/appuser/.rvm/rubies/ruby-2.6.0/lib/ruby/2.6.0/bundler/runtime.rb:65:in `require'
	from /home/appuser/.rvm/rubies/ruby-2.6.0/lib/ruby/2.6.0/bundler.rb:114:in `require'
	from /home/appuser/demo/config/application.rb:7:in `<top (required)>'
	from /home/appuser/demo/config/environment.rb:2:in `require_relative'
	from /home/appuser/demo/config/environment.rb:2:in `<top (required)>'
	from config.ru:4:in `require_relative'
	from config.ru:4:in `block in <main>'
	from /home/appuser/.rvm/gems/ruby-2.6.0/gems/rack-2.0.7/lib/rack/builder.rb:55:in `instance_eval'
	from /home/appuser/.rvm/gems/ruby-2.6.0/gems/rack-2.0.7/lib/rack/builder.rb:55:in `initialize'
	from config.ru:1:in `new'
	from config.ru:1:in `<main>'
	from /home/appuser/.rvm/gems/ruby-2.6.0/gems/unicorn-5.5.0/lib/unicorn.rb:54:in `eval'
	from /home/appuser/.rvm/gems/ruby-2.6.0/gems/unicorn-5.5.0/lib/unicorn.rb:54:in `block in builder'
	from /home/appuser/.rvm/gems/ruby-2.6.0/gems/unicorn-5.5.0/lib/unicorn/http_server.rb:794:in `build_app!'
	from /home/appuser/.rvm/gems/ruby-2.6.0/gems/unicorn-5.5.0/lib/unicorn/http_server.rb:141:in `start'
	from /home/appuser/.rvm/gems/ruby-2.6.0/gems/unicorn-5.5.0/bin/unicorn:128:in `<top (required)>'
	from /home/appuser/.rvm/gems/ruby-2.6.0/bin/unicorn:23:in `load'
	from /home/appuser/.rvm/gems/ruby-2.6.0/bin/unicorn:23:in `<main>'
	from /home/appuser/.rvm/gems/ruby-2.6.0/bin/ruby_executable_hooks:24:in `eval'
	from /home/appuser/.rvm/gems/ruby-2.6.0/bin/ruby_executable_hooks:24:in `<main>'
I, [2019-04-17T05:34:07.863751 #18057]  INFO -- : Refreshing Gem list
I, [2019-04-17T05:34:08.605954 #18057]  INFO -- : listening on addr=/home/appuser/demo/shared/sockets/unicorn.sock fd=16
I, [2019-04-17T05:34:08.606073 #18057]  INFO -- : worker=0 spawning...
I, [2019-04-17T05:34:08.607063 #18057]  INFO -- : worker=1 spawning...
I, [2019-04-17T05:34:08.607708 #18057]  INFO -- : master process ready
I, [2019-04-17T05:34:08.611063 #18064]  INFO -- : worker=1 spawned pid=18064
I, [2019-04-17T05:34:08.611174 #18064]  INFO -- : worker=1 ready
I, [2019-04-17T05:34:08.611751 #18063]  INFO -- : worker=0 spawned pid=18063
I, [2019-04-17T05:34:08.611847 #18063]  INFO -- : worker=0 ready
